s:\internal\dll_isorropia\solution\isorropia\x64\debug\vc142.pdb
s:\internal\dll_isorropia\solution\isorropia\x64\debug\vc142.idb
s:\internal\dll_isorropia\solution\isorropia\x64\debug\isorropia.obj
s:\internal\dll_isorropia\solution\isorropia\x64\debug\main.obj
s:\internal\dll_isorropia\solution\isorropia\x64\debug\gpuperf_nv.obj
s:\internal\dll_isorropia\solution\isorropia\x64\debug\common.obj
s:\internal\dll_isorropia\solution\x64\debug\dxgi.lib
s:\internal\dll_isorropia\solution\x64\debug\dxgi.exp
s:\internal\dll_isorropia\solution\x64\debug\dxgi.dll
s:\internal\dll_isorropia\solution\x64\debug\dxgi.ilk
s:\internal\dll_isorropia\solution\x64\debug\dxgi.pdb
s:\internal\dll_isorropia\solution\isorropia\x64\debug\payload.obj
s:\internal\dll_isorropia\solution\isorropia\x64\debug\isorropia.tlog\cl.command.1.tlog
s:\internal\dll_isorropia\solution\isorropia\x64\debug\isorropia.tlog\cl.read.1.tlog
s:\internal\dll_isorropia\solution\isorropia\x64\debug\isorropia.tlog\cl.write.1.tlog
s:\internal\dll_isorropia\solution\isorropia\x64\debug\isorropia.tlog\isorropia.write.1u.tlog
s:\internal\dll_isorropia\solution\isorropia\x64\debug\isorropia.tlog\link.command.1.tlog
s:\internal\dll_isorropia\solution\isorropia\x64\debug\isorropia.tlog\link.read.1.tlog
s:\internal\dll_isorropia\solution\isorropia\x64\debug\isorropia.tlog\link.write.1.tlog
s:\internal\dll_isorropia\solution\isorropia\x64\debug\isorropia.tlog\masm.read.1u.tlog
s:\internal\dll_isorropia\solution\isorropia\x64\debug\isorropia.tlog\masm.write.1u.tlog
